d:\workking_dir\centralcontrolleraide\centralcontrolleraide\release\centralcontrolleraide.pch
d:\workking_dir\centralcontrolleraide\centralcontrolleraide\release\vc120.pdb
d:\workking_dir\centralcontrolleraide\centralcontrolleraide\release\stdafx.obj
d:\workking_dir\centralcontrolleraide\centralcontrolleraide\release\hexintegeredit.obj
d:\workking_dir\centralcontrolleraide\centralcontrolleraide\release\dlgprojectorconfig.obj
d:\workking_dir\centralcontrolleraide\centralcontrolleraide\release\dlgctrlpreset.obj
d:\workking_dir\centralcontrolleraide\centralcontrolleraide\release\datautil.obj
d:\workking_dir\centralcontrolleraide\centralcontrolleraide\release\centralcontrolleraidedlg.obj
d:\workking_dir\centralcontrolleraide\centralcontrolleraide\release\centralcontrolleraide.obj
d:\workking_dir\centralcontrolleraide\release\centralcontrolleraide.exe
d:\workking_dir\centralcontrolleraide\release\centralcontrolleraide.pdb
d:\workking_dir\centralcontrolleraide\centralcontrolleraide\release\centralcontrolleraide.res
d:\workking_dir\centralcontrolleraide\centralcontrolleraide\release\centralc.3e0e350c.tlog\cl.command.1.tlog
d:\workking_dir\centralcontrolleraide\centralcontrolleraide\release\centralc.3e0e350c.tlog\cl.read.1.tlog
d:\workking_dir\centralcontrolleraide\centralcontrolleraide\release\centralc.3e0e350c.tlog\cl.write.1.tlog
d:\workking_dir\centralcontrolleraide\centralcontrolleraide\release\centralc.3e0e350c.tlog\link.command.1.tlog
d:\workking_dir\centralcontrolleraide\centralcontrolleraide\release\centralc.3e0e350c.tlog\link.read.1.tlog
d:\workking_dir\centralcontrolleraide\centralcontrolleraide\release\centralc.3e0e350c.tlog\link.write.1.tlog
d:\workking_dir\centralcontrolleraide\centralcontrolleraide\release\centralc.3e0e350c.tlog\rc.command.1.tlog
d:\workking_dir\centralcontrolleraide\centralcontrolleraide\release\centralc.3e0e350c.tlog\rc.read.1.tlog
d:\workking_dir\centralcontrolleraide\centralcontrolleraide\release\centralc.3e0e350c.tlog\rc.write.1.tlog
