Build started 2018/4/24 21:29:00.
     1>Project "D:\WORKKING_DIR\CentralControllerAide\CentralControllerAide\CentralControllerAide.vcxproj" on node 2 (Rebuild target(s)).
     1>ClCompile:
         D:\Program Files (x86)\Microsoft Visual Studio 12.0\VC\bin\CL.exe /c /I..\SerialLib /I..\rapidxml /Zi /nologo /W3 /WX- /sdl /O2 /Oi /Oy- /GL /D WIN32 /D _WINDOWS /D NDEBUG /D _USING_V110_SDK71_ /D _MBCS /Gm- /EHsc /MT /GS /Gy /fp:precise /Zc:wchar_t /Zc:forScope /Yc"stdafx.h" /Fp"Release\CentralControllerAide.pch" /Fo"Release\\" /Fd"Release\vc120.pdb" /Gd /TP /analyze- /errorReport:prompt stdafx.cpp
         stdafx.cpp
     1>D:\Program Files (x86)\Microsoft Visual Studio 12.0\VC\atlmfc\include\afx.h(38): warning C4996: 'MBCS_Support_Deprecated_In_MFC': MBCS support in MFC is deprecated and may be removed in a future version of MFC.
                 D:\Program Files (x86)\Microsoft Visual Studio 12.0\VC\atlmfc\include\afx.h(33) : see declaration of 'MBCS_Support_Deprecated_In_MFC'
         D:\Program Files (x86)\Microsoft Visual Studio 12.0\VC\bin\CL.exe /c /I..\SerialLib /I..\rapidxml /Zi /nologo /W3 /WX- /sdl /O2 /Oi /Oy- /GL /D WIN32 /D _WINDOWS /D NDEBUG /D _USING_V110_SDK71_ /D _MBCS /Gm- /EHsc /MT /GS /Gy /fp:precise /Zc:wchar_t /Zc:forScope /Yu"stdafx.h" /Fp"Release\CentralControllerAide.pch" /Fo"Release\\" /Fd"Release\vc120.pdb" /Gd /TP /analyze- /errorReport:prompt CentralControllerAide.cpp CentralControllerAideDlg.cpp DataUtil.cpp DlgCtrlPreset.cpp DlgProjectorConfig.cpp HexIntegerEdit.cpp
         CentralControllerAide.cpp
         CentralControllerAideDlg.cpp
     1>CentralControllerAideDlg.cpp(392): warning C4018: '<=' : signed/unsigned mismatch
     1>CentralControllerAideDlg.cpp(399): warning C4018: '>' : signed/unsigned mismatch
         DataUtil.cpp
         DlgCtrlPreset.cpp
         DlgProjectorConfig.cpp
         HexIntegerEdit.cpp
       ResourceCompile:
         C:\Program Files (x86)\Microsoft SDKs\Windows\v7.1A\bin\rc.exe /D NDEBUG /D _USING_V110_SDK71_ /l"0x0409" /IRelease\ /nologo /fo"Release\CentralControllerAide.res" CentralControllerAide.rc 
       Link:
         D:\Program Files (x86)\Microsoft Visual Studio 12.0\VC\bin\link.exe /ERRORREPORT:PROMPT /OUT:"D:\WORKKING_DIR\CentralControllerAide\Release\CentralControllerAide.exe" /INCREMENTAL:NO /NOLOGO /MANIFEST /MANIFESTUAC:"level='asInvoker' uiAccess='false'" /manifest:embed /manifestinput:XPStyle.manifest /manifestinput:"D:\Program Files (x86)\Microsoft Visual Studio 12.0\VC\Include\Manifest\dpiaware.manifest" /DEBUG /PDB:"D:\WORKKING_DIR\CentralControllerAide\Release\CentralControllerAide.pdb" /SUBSYSTEM:WINDOWS,"5.01" /OPT:REF /OPT:ICF /LTCG /TLBID:1 /DYNAMICBASE /NXCOMPAT /IMPLIB:"D:\WORKKING_DIR\CentralControllerAide\Release\CentralControllerAide.lib" /MACHINE:X86 /SAFESEH Release\CentralControllerAide.res
         Release\CentralControllerAide.obj
         Release\CentralControllerAideDlg.obj
         Release\DataUtil.obj
         Release\DlgCtrlPreset.obj
         Release\DlgProjectorConfig.obj
         Release\HexIntegerEdit.obj
         Release\stdafx.obj
         Generating code
         Finished generating code
         CentralControllerAide.vcxproj -> D:\WORKKING_DIR\CentralControllerAide\Release\CentralControllerAide.exe
     1>Done Building Project "D:\WORKKING_DIR\CentralControllerAide\CentralControllerAide\CentralControllerAide.vcxproj" (Rebuild target(s)).

Build succeeded.

Time Elapsed 00:00:07.76
