d:\workking_dir\centralcontrolleraide\centralcontrolleraide\debug\centralcontrolleraide.pch
d:\workking_dir\centralcontrolleraide\centralcontrolleraide\debug\vc120.pdb
d:\workking_dir\centralcontrolleraide\centralcontrolleraide\debug\vc120.idb
d:\workking_dir\centralcontrolleraide\centralcontrolleraide\debug\stdafx.obj
d:\workking_dir\centralcontrolleraide\centralcontrolleraide\debug\centralcontrolleraide.obj
d:\workking_dir\centralcontrolleraide\centralcontrolleraide\debug\centralcontrolleraidedlg.obj
d:\workking_dir\centralcontrolleraide\centralcontrolleraide\debug\datautil.obj
d:\workking_dir\centralcontrolleraide\centralcontrolleraide\debug\dlgctrlpreset.obj
d:\workking_dir\centralcontrolleraide\centralcontrolleraide\debug\dlgprojectorconfig.obj
d:\workking_dir\centralcontrolleraide\centralcontrolleraide\debug\hexintegeredit.obj
d:\workking_dir\centralcontrolleraide\debug\centralcontrolleraide.ilk
d:\workking_dir\centralcontrolleraide\debug\centralcontrolleraide.exe
d:\workking_dir\centralcontrolleraide\debug\centralcontrolleraide.pdb
d:\workking_dir\centralcontrolleraide\centralcontrolleraide\debug\centralcontrolleraide.exe.embed.manifest.res
d:\workking_dir\centralcontrolleraide\centralcontrolleraide\debug\centralcontrolleraide.res
d:\workking_dir\centralcontrolleraide\centralcontrolleraide\debug\centralcontrolleraide.exe.embed.manifest
d:\workking_dir\centralcontrolleraide\centralcontrolleraide\debug\centralcontrolleraide_manifest.rc
d:\workking_dir\centralcontrolleraide\centralcontrolleraide\debug\centralc.3e0e350c.tlog\cl.command.1.tlog
d:\workking_dir\centralcontrolleraide\centralcontrolleraide\debug\centralc.3e0e350c.tlog\cl.read.1.tlog
d:\workking_dir\centralcontrolleraide\centralcontrolleraide\debug\centralc.3e0e350c.tlog\cl.write.1.tlog
d:\workking_dir\centralcontrolleraide\centralcontrolleraide\debug\centralc.3e0e350c.tlog\link.command.1.tlog
d:\workking_dir\centralcontrolleraide\centralcontrolleraide\debug\centralc.3e0e350c.tlog\link.read.1.tlog
d:\workking_dir\centralcontrolleraide\centralcontrolleraide\debug\centralc.3e0e350c.tlog\link.write.1.tlog
d:\workking_dir\centralcontrolleraide\centralcontrolleraide\debug\centralc.3e0e350c.tlog\rc.command.1.tlog
d:\workking_dir\centralcontrolleraide\centralcontrolleraide\debug\centralc.3e0e350c.tlog\rc.read.1.tlog
d:\workking_dir\centralcontrolleraide\centralcontrolleraide\debug\centralc.3e0e350c.tlog\rc.write.1.tlog
